INFO [6.7.2021, 20:11:01]: Extension version: 0.2.662
INFO [6.7.2021, 20:11:01]: Using configuration {
  cargoRunner: null,
  runnableEnv: null,
  inlayHints: {
    enable: true,
    smallerHints: true,
    chainingHints: true,
    maxLength: 25,
    parameterHints: true,
    typeHints: true
  },
  updates: { channel: 'stable', askBeforeDownload: false },
  server: { path: null, extraEnv: null },
  trace: { server: 'off', extension: false },
  debug: {
    engine: 'auto',
    sourceFileMap: {
      '/rustc/<id>': '${env:USERPROFILE}/.rustup/toolchains/<toolchain-id>/lib/rustlib/src/rust'
    },
    openDebugPane: false,
    engineSettings: {}
  },
  assist: {
    importGranularity: 'crate',
    importEnforceGranularity: false,
    importPrefix: 'plain',
    importGroup: true,
    allowMergingIntoGlobImports: true
  },
  callInfo: { full: true },
  cargo: {
    autoreload: true,
    allFeatures: false,
    unsetTest: [ 'core' ],
    features: [],
    runBuildScripts: true,
    useRustcWrapperForBuildScripts: true,
    noDefaultFeatures: false,
    target: null,
    noSysroot: false
  },
  checkOnSave: {
    enable: true,
    allFeatures: null,
    allTargets: true,
    command: 'check',
    noDefaultFeatures: null,
    target: null,
    extraArgs: [],
    features: null,
    overrideCommand: null
  },
  completion: {
    addCallArgumentSnippets: true,
    addCallParenthesis: true,
    postfix: { enable: true },
    autoimport: { enable: true },
    autoself: { enable: true }
  },
  diagnostics: {
    enable: true,
    enableExperimental: true,
    disabled: [],
    remapPrefix: {},
    warningsAsHint: [],
    warningsAsInfo: []
  },
  experimental: { procAttrMacros: false },
  files: { watcher: 'client', excludeDirs: [] },
  highlighting: { strings: true },
  hover: { documentation: true, linksInHover: true },
  hoverActions: {
    debug: true,
    enable: true,
    gotoTypeDef: true,
    implementations: true,
    references: false,
    run: true
  },
  lens: {
    debug: true,
    enable: true,
    implementations: true,
    run: true,
    methodReferences: false,
    references: false
  },
  linkedProjects: [],
  lruCapacity: null,
  notifications: { cargoTomlNotFound: true },
  procMacro: { enable: true, server: null },
  runnables: { overrideCargo: null, cargoExtraArgs: [] },
  rustcSource: null,
  rustfmt: {
    extraArgs: [],
    overrideCommand: null,
    enableRangeFormatting: false
  },
  workspace: { symbol: { search: { scope: 'workspace', kind: 'only_types' } } }
}
INFO [6.7.2021, 20:11:01]: PersistentState: {
  lastCheck: undefined,
  nightlyReleaseId: undefined,
  serverVersion: undefined
}
INFO [6.7.2021, 20:11:03]: Using server binary at /home/fabiocaruso/.config/Code - OSS/User/globalStorage/matklad.rust-analyzer/rust-analyzer-x86_64-unknown-linux-gnu
INFO [6.7.2021, 20:12:44]: Extension version: 0.2.662
INFO [6.7.2021, 20:12:44]: Using configuration {
  cargoRunner: null,
  runnableEnv: null,
  inlayHints: {
    enable: true,
    smallerHints: true,
    chainingHints: true,
    maxLength: 25,
    parameterHints: true,
    typeHints: true
  },
  updates: { channel: 'stable', askBeforeDownload: false },
  server: { path: null, extraEnv: null },
  trace: { server: 'off', extension: false },
  debug: {
    engine: 'auto',
    sourceFileMap: {
      '/rustc/<id>': '${env:USERPROFILE}/.rustup/toolchains/<toolchain-id>/lib/rustlib/src/rust'
    },
    openDebugPane: false,
    engineSettings: {}
  },
  assist: {
    importGranularity: 'crate',
    importEnforceGranularity: false,
    importPrefix: 'plain',
    importGroup: true,
    allowMergingIntoGlobImports: true
  },
  callInfo: { full: true },
  cargo: {
    autoreload: true,
    allFeatures: false,
    unsetTest: [ 'core' ],
    features: [],
    runBuildScripts: true,
    useRustcWrapperForBuildScripts: true,
    noDefaultFeatures: false,
    target: null,
    noSysroot: false
  },
  checkOnSave: {
    enable: true,
    allFeatures: null,
    allTargets: true,
    command: 'check',
    noDefaultFeatures: null,
    target: null,
    extraArgs: [],
    features: null,
    overrideCommand: null
  },
  completion: {
    addCallArgumentSnippets: true,
    addCallParenthesis: true,
    postfix: { enable: true },
    autoimport: { enable: true },
    autoself: { enable: true }
  },
  diagnostics: {
    enable: true,
    enableExperimental: true,
    disabled: [],
    remapPrefix: {},
    warningsAsHint: [],
    warningsAsInfo: []
  },
  experimental: { procAttrMacros: false },
  files: { watcher: 'client', excludeDirs: [] },
  highlighting: { strings: true },
  hover: { documentation: true, linksInHover: true },
  hoverActions: {
    debug: true,
    enable: true,
    gotoTypeDef: true,
    implementations: true,
    references: false,
    run: true
  },
  lens: {
    debug: true,
    enable: true,
    implementations: true,
    run: true,
    methodReferences: false,
    references: false
  },
  linkedProjects: [],
  lruCapacity: null,
  notifications: { cargoTomlNotFound: true },
  procMacro: { enable: true, server: null },
  runnables: { overrideCargo: null, cargoExtraArgs: [] },
  rustcSource: null,
  rustfmt: {
    extraArgs: [],
    overrideCommand: null,
    enableRangeFormatting: false
  },
  workspace: { symbol: { search: { scope: 'workspace', kind: 'only_types' } } }
}
INFO [6.7.2021, 20:20:03]: Extension version: 0.2.662
INFO [6.7.2021, 20:20:03]: Using configuration {
  cargoRunner: null,
  runnableEnv: null,
  inlayHints: {
    enable: true,
    smallerHints: true,
    chainingHints: true,
    maxLength: 25,
    parameterHints: true,
    typeHints: true
  },
  updates: { channel: 'stable', askBeforeDownload: false },
  server: { path: null, extraEnv: null },
  trace: { server: 'off', extension: false },
  debug: {
    engine: 'auto',
    sourceFileMap: {
      '/rustc/<id>': '${env:USERPROFILE}/.rustup/toolchains/<toolchain-id>/lib/rustlib/src/rust'
    },
    openDebugPane: false,
    engineSettings: {}
  },
  assist: {
    importGranularity: 'crate',
    importEnforceGranularity: false,
    importPrefix: 'plain',
    importGroup: true,
    allowMergingIntoGlobImports: true
  },
  callInfo: { full: true },
  cargo: {
    autoreload: true,
    allFeatures: false,
    unsetTest: [ 'core' ],
    features: [],
    runBuildScripts: true,
    useRustcWrapperForBuildScripts: true,
    noDefaultFeatures: false,
    target: null,
    noSysroot: false
  },
  checkOnSave: {
    enable: true,
    allFeatures: null,
    allTargets: true,
    command: 'check',
    noDefaultFeatures: null,
    target: null,
    extraArgs: [],
    features: null,
    overrideCommand: null
  },
  completion: {
    addCallArgumentSnippets: true,
    addCallParenthesis: true,
    postfix: { enable: true },
    autoimport: { enable: true },
    autoself: { enable: true }
  },
  diagnostics: {
    enable: true,
    enableExperimental: true,
    disabled: [],
    remapPrefix: {},
    warningsAsHint: [],
    warningsAsInfo: []
  },
  experimental: { procAttrMacros: false },
  files: { watcher: 'client', excludeDirs: [] },
  highlighting: { strings: true },
  hover: { documentation: true, linksInHover: true },
  hoverActions: {
    debug: true,
    enable: true,
    gotoTypeDef: true,
    implementations: true,
    references: false,
    run: true
  },
  lens: {
    debug: true,
    enable: true,
    implementations: true,
    run: true,
    methodReferences: false,
    references: false
  },
  linkedProjects: [],
  lruCapacity: null,
  notifications: { cargoTomlNotFound: true },
  procMacro: { enable: true, server: null },
  runnables: { overrideCargo: null, cargoExtraArgs: [] },
  rustcSource: null,
  rustfmt: {
    extraArgs: [],
    overrideCommand: null,
    enableRangeFormatting: false
  },
  workspace: { symbol: { search: { scope: 'workspace', kind: 'only_types' } } }
}
INFO [6.7.2021, 20:21:14]: Extension version: 0.2.662
INFO [6.7.2021, 20:21:14]: Using configuration {
  cargoRunner: null,
  runnableEnv: null,
  inlayHints: {
    enable: true,
    smallerHints: true,
    chainingHints: true,
    maxLength: 25,
    parameterHints: true,
    typeHints: true
  },
  updates: { channel: 'stable', askBeforeDownload: false },
  server: { path: null, extraEnv: null },
  trace: { server: 'off', extension: false },
  debug: {
    engine: 'auto',
    sourceFileMap: {
      '/rustc/<id>': '${env:USERPROFILE}/.rustup/toolchains/<toolchain-id>/lib/rustlib/src/rust'
    },
    openDebugPane: false,
    engineSettings: {}
  },
  assist: {
    importGranularity: 'crate',
    importEnforceGranularity: false,
    importPrefix: 'plain',
    importGroup: true,
    allowMergingIntoGlobImports: true
  },
  callInfo: { full: true },
  cargo: {
    autoreload: true,
    allFeatures: false,
    unsetTest: [ 'core' ],
    features: [],
    runBuildScripts: true,
    useRustcWrapperForBuildScripts: true,
    noDefaultFeatures: false,
    target: null,
    noSysroot: false
  },
  checkOnSave: {
    enable: true,
    allFeatures: null,
    allTargets: true,
    command: 'check',
    noDefaultFeatures: null,
    target: null,
    extraArgs: [],
    features: null,
    overrideCommand: null
  },
  completion: {
    addCallArgumentSnippets: true,
    addCallParenthesis: true,
    postfix: { enable: true },
    autoimport: { enable: true },
    autoself: { enable: true }
  },
  diagnostics: {
    enable: true,
    enableExperimental: true,
    disabled: [],
    remapPrefix: {},
    warningsAsHint: [],
    warningsAsInfo: []
  },
  experimental: { procAttrMacros: false },
  files: { watcher: 'client', excludeDirs: [] },
  highlighting: { strings: true },
  hover: { documentation: true, linksInHover: true },
  hoverActions: {
    debug: true,
    enable: true,
    gotoTypeDef: true,
    implementations: true,
    references: false,
    run: true
  },
  lens: {
    debug: true,
    enable: true,
    implementations: true,
    run: true,
    methodReferences: false,
    references: false
  },
  linkedProjects: [],
  lruCapacity: null,
  notifications: { cargoTomlNotFound: true },
  procMacro: { enable: true, server: null },
  runnables: { overrideCargo: null, cargoExtraArgs: [] },
  rustcSource: null,
  rustfmt: {
    extraArgs: [],
    overrideCommand: null,
    enableRangeFormatting: false
  },
  workspace: { symbol: { search: { scope: 'workspace', kind: 'only_types' } } }
}
