Looking for git in: git
Using git 2.32.0 from git
> git rev-parse --git-dir
Open repository: /run/media/fabiocaruso/F4A0A22EA0A1F6F0/Users/Fabio Caruso/rustProjects/minigrep
> git status -z -u
> git symbolic-ref --short HEAD
> git for-each-ref --format=%(refname)%00%(upstream:short)%00%(objectname)%00%(upstream:track) refs/heads/master refs/remotes/master
> git for-each-ref --sort -committerdate --format %(refname) %(objectname) %(*objectname)
> git remote --verbose
> git config --get commit.template
> git check-ignore -v -z --stdin
> git check-ignore -v -z --stdin
> git show --textconv :src/main.rs
> git ls-files --stage -- /run/media/fabiocaruso/F4A0A22EA0A1F6F0/Users/Fabio Caruso/rustProjects/minigrep/src/main.rs
> git status -z -u
> git symbolic-ref --short HEAD
> git for-each-ref --format=%(refname)%00%(upstream:short)%00%(objectname)%00%(upstream:track) refs/heads/master refs/remotes/master
> git for-each-ref --sort -committerdate --format %(refname) %(objectname) %(*objectname)
> git remote --verbose
> git config --get commit.template
> git show --textconv :src/main.rs
> git ls-files --stage -- /run/media/fabiocaruso/F4A0A22EA0A1F6F0/Users/Fabio Caruso/rustProjects/minigrep/src/main.rs
> git status -z -u
> git symbolic-ref --short HEAD
> git for-each-ref --format=%(refname)%00%(upstream:short)%00%(objectname)%00%(upstream:track) refs/heads/master refs/remotes/master
> git for-each-ref --sort -committerdate --format %(refname) %(objectname) %(*objectname)
> git remote --verbose
> git config --get commit.template
> git log --format=%H%n%aN%n%aE%n%at%n%ct%n%P%n%B -z -n21 -- /run/media/fabiocaruso/F4A0A22EA0A1F6F0/Users/Fabio Caruso/rustProjects/minigrep/src/main.rs
fatal: Ihr aktueller Branch 'master' hat noch keine Commits.
> git show --textconv :src/lib.rs
> git ls-files --stage -- /run/media/fabiocaruso/F4A0A22EA0A1F6F0/Users/Fabio Caruso/rustProjects/minigrep/src/lib.rs
> git show --textconv :src/main.rs
> git ls-files --stage -- /run/media/fabiocaruso/F4A0A22EA0A1F6F0/Users/Fabio Caruso/rustProjects/minigrep/src/main.rs
> git status -z -u
> git symbolic-ref --short HEAD
> git for-each-ref --format=%(refname)%00%(upstream:short)%00%(objectname)%00%(upstream:track) refs/heads/master refs/remotes/master
> git for-each-ref --sort -committerdate --format %(refname) %(objectname) %(*objectname)
> git remote --verbose
> git config --get commit.template
> git show --textconv :src/lib.rs
> git ls-files --stage -- /run/media/fabiocaruso/F4A0A22EA0A1F6F0/Users/Fabio Caruso/rustProjects/minigrep/src/lib.rs
> git show --textconv :src/main.rs
> git ls-files --stage -- /run/media/fabiocaruso/F4A0A22EA0A1F6F0/Users/Fabio Caruso/rustProjects/minigrep/src/main.rs
> git show --textconv :src/lib.rs
> git ls-files --stage -- /run/media/fabiocaruso/F4A0A22EA0A1F6F0/Users/Fabio Caruso/rustProjects/minigrep/src/lib.rs
> git show --textconv :src/main.rs
> git ls-files --stage -- /run/media/fabiocaruso/F4A0A22EA0A1F6F0/Users/Fabio Caruso/rustProjects/minigrep/src/main.rs
> git show --textconv :src/lib.rs
> git ls-files --stage -- /run/media/fabiocaruso/F4A0A22EA0A1F6F0/Users/Fabio Caruso/rustProjects/minigrep/src/lib.rs
> git show --textconv :src/main.rs
> git ls-files --stage -- /run/media/fabiocaruso/F4A0A22EA0A1F6F0/Users/Fabio Caruso/rustProjects/minigrep/src/main.rs
> git status -z -u
> git symbolic-ref --short HEAD
> git for-each-ref --format=%(refname)%00%(upstream:short)%00%(objectname)%00%(upstream:track) refs/heads/master refs/remotes/master
> git for-each-ref --sort -committerdate --format %(refname) %(objectname) %(*objectname)
> git remote --verbose
> git config --get commit.template
> git status -z -u
> git symbolic-ref --short HEAD
> git for-each-ref --format=%(refname)%00%(upstream:short)%00%(objectname)%00%(upstream:track) refs/heads/master refs/remotes/master
> git for-each-ref --sort -committerdate --format %(refname) %(objectname) %(*objectname)
> git remote --verbose
> git config --get commit.template
> git show --textconv :src/lib.rs
> git ls-files --stage -- /run/media/fabiocaruso/F4A0A22EA0A1F6F0/Users/Fabio Caruso/rustProjects/minigrep/src/lib.rs
> git show --textconv :src/main.rs
> git ls-files --stage -- /run/media/fabiocaruso/F4A0A22EA0A1F6F0/Users/Fabio Caruso/rustProjects/minigrep/src/main.rs
> git status -z -u
> git symbolic-ref --short HEAD
> git for-each-ref --format=%(refname)%00%(upstream:short)%00%(objectname)%00%(upstream:track) refs/heads/master refs/remotes/master
> git for-each-ref --sort -committerdate --format %(refname) %(objectname) %(*objectname)
> git remote --verbose
> git config --get commit.template
> git show --textconv :src/lib.rs
> git ls-files --stage -- /run/media/fabiocaruso/F4A0A22EA0A1F6F0/Users/Fabio Caruso/rustProjects/minigrep/src/lib.rs
> git show --textconv :src/lib.rs
> git ls-files --stage -- /run/media/fabiocaruso/F4A0A22EA0A1F6F0/Users/Fabio Caruso/rustProjects/minigrep/src/lib.rs
> git show --textconv :.vscode/launch.json
> git ls-files --stage -- /run/media/fabiocaruso/F4A0A22EA0A1F6F0/Users/Fabio Caruso/rustProjects/minigrep/.vscode/launch.json
> git check-ignore -v -z --stdin
> git status -z -u
> git symbolic-ref --short HEAD
> git for-each-ref --format=%(refname)%00%(upstream:short)%00%(objectname)%00%(upstream:track) refs/heads/master refs/remotes/master
> git for-each-ref --sort -committerdate --format %(refname) %(objectname) %(*objectname)
> git remote --verbose
> git config --get commit.template
> git show --textconv :src/lib.rs
> git ls-files --stage -- /run/media/fabiocaruso/F4A0A22EA0A1F6F0/Users/Fabio Caruso/rustProjects/minigrep/src/lib.rs
> git show --textconv :src/main.rs
> git ls-files --stage -- /run/media/fabiocaruso/F4A0A22EA0A1F6F0/Users/Fabio Caruso/rustProjects/minigrep/src/main.rs
> git status -z -u
> git symbolic-ref --short HEAD
> git for-each-ref --format=%(refname)%00%(upstream:short)%00%(objectname)%00%(upstream:track) refs/heads/master refs/remotes/master
> git for-each-ref --sort -committerdate --format %(refname) %(objectname) %(*objectname)
> git remote --verbose
> git config --get commit.template
> git status -z -u
> git symbolic-ref --short HEAD
> git for-each-ref --format=%(refname)%00%(upstream:short)%00%(objectname)%00%(upstream:track) refs/heads/master refs/remotes/master
> git for-each-ref --sort -committerdate --format %(refname) %(objectname) %(*objectname)
> git remote --verbose
> git config --get commit.template
> git show --textconv :.vscode/launch.json
> git ls-files --stage -- /run/media/fabiocaruso/F4A0A22EA0A1F6F0/Users/Fabio Caruso/rustProjects/minigrep/.vscode/launch.json
