00:00:00.000141 main     VirtualBox XPCOM Server 6.1.22_Solus r144080 linux.amd64 (Jun 25 2021 14:17:18) release log
00:00:00.000142 main     Log opened 2021-06-30T09:41:28.467970000Z
00:00:00.000143 main     Build Type: release
00:00:00.000146 main     OS Product: Linux
00:00:00.000147 main     OS Release: 5.12.13-185.current
00:00:00.000147 main     OS Version: #1 SMP PREEMPT Fri Jun 25 13:06:44 UTC 2021
00:00:00.000165 main     DMI Product Name: System Product Name
00:00:00.000170 main     DMI Product Version: System Version
00:00:00.000174 main     Firmware type: UEFI
00:00:00.000836 main     Secure Boot: Disabled
00:00:00.000867 main     Host RAM: 40066MB (39.1GB) total, 32686MB (31.9GB) available
00:00:00.000870 main     Executable: /usr/lib64/virtualbox/VBoxSVC
00:00:00.000870 main     Process ID: 1099565
00:00:00.000870 main     Package type: LINUX_64BITS_GENERIC (OSE)
00:00:00.003220 main     IPC socket path: /tmp/.vbox-fabiocaruso-ipc/ipcd
00:00:00.111408 nspr-2   VirtualBox: object creation starts
00:00:00.111457 nspr-2   Home directory: '/home/fabiocaruso/.config/VirtualBox'
00:00:00.111549 nspr-2   Loading settings file "/home/fabiocaruso/.config/VirtualBox/VirtualBox.xml" with version "1.12-linux"
00:00:00.116754 nspr-2   HostDnsMonitor: initializing
00:00:00.116907 nspr-2   NAT: resolv.conf: nameserver 192.168.1.1
00:00:00.116913 nspr-2   NAT: resolv.conf: nameserver fdaa:bbcc:ddee:0:eabe:81ff:feb4:b289
00:00:00.116919 nspr-2   HostDnsMonitor: updating information
00:00:00.116926 nspr-2   HostDnsMonitor: old information
00:00:00.116927 nspr-2     no server entries
00:00:00.116929 nspr-2     no domain set
00:00:00.116930 nspr-2     no search string entries
00:00:00.116932 nspr-2   HostDnsMonitor: new information
00:00:00.116933 nspr-2     server 1: 192.168.1.1
00:00:00.116935 nspr-2     server 2: fdaa:bbcc:ddee:0:eabe:81ff:feb4:b289
00:00:00.116936 nspr-2     domain: home
00:00:00.116937 nspr-2     search string 1: home
00:00:00.118809 nspr-2   Failed to open "/dev/vboxdrvu", errno=2, rc=VERR_VM_DRIVER_NOT_INSTALLED
00:00:00.118978 nspr-2   VD: VDInit finished with VINF_SUCCESS
00:00:00.119022 nspr-2   ERROR [COM]: aRC=NS_ERROR_FAILURE (0x80004005) aIID={027bc463-929c-40e8-bf16-fea557cd8e7e} aComponent={SystemPropertiesWrap} aText={Cannot determine default Guest Additions ISO location. Most likely they are not available}, preserve=false aResultDetail=0
00:00:00.119338 nspr-2   VirtualBox: object created
00:00:02.811747 nspr-2   Saving settings file "/home/fabiocaruso/.config/VirtualBox/VirtualBox.xml" with version "1.12-linux"
00:00:02.827860 nspr-2   Saving settings file "/home/fabiocaruso/.config/VirtualBox/VirtualBox.xml" with version "1.12-linux"
00:00:08.367084 main     VirtualBox: object deletion starts
00:00:08.367655 main     HostDnsMonitor: shutting down ...
00:00:08.371203 main     HostDnsMonitor: shut down
00:00:08.621502 Watcher  ERROR [COM]: aRC=E_ACCESSDENIED (0x80070005) aIID={d0a0163f-e254-4e5b-a1f2-011cf991c38d} aComponent={VirtualBoxWrap} aText={The object is not ready}, preserve=false aResultDetail=0
00:00:13.371341 main     {00007f57b0017620} HostPowerServiceLinux::~HostPowerServiceLinux: RTThreadWait() for 5000 ms failed with VERR_TIMEOUT
00:00:13.371626 main     VirtualBox: object deleted
