[2021-06-28 13:34:33.210] [exthost] [info] extension host started
[2021-06-28 13:34:33.274] [exthost] [info] ExtensionService#_doActivateExtension vscode.microsoft-authentication {"startup":false,"extensionId":{"value":"vscode.microsoft-authentication","_lower":"vscode.microsoft-authentication"},"activationEvent":"onAuthenticationRequest:microsoft"}
[2021-06-28 13:34:33.274] [exthost] [info] ExtensionService#loadCommonJSModule file:///usr/share/vscode/resources/app/extensions/microsoft-authentication/dist/extension.js
[2021-06-28 13:34:33.280] [exthost] [info] ExtensionService#_doActivateExtension vscode.debug-auto-launch {"startup":true,"extensionId":{"value":"vscode.debug-auto-launch","_lower":"vscode.debug-auto-launch"},"activationEvent":"*"}
[2021-06-28 13:34:33.280] [exthost] [info] ExtensionService#loadCommonJSModule file:///usr/share/vscode/resources/app/extensions/debug-auto-launch/dist/extension
[2021-06-28 13:34:33.282] [exthost] [info] ExtensionService#_doActivateExtension vscode.git {"startup":true,"extensionId":{"value":"vscode.github","_lower":"vscode.github"},"activationEvent":"*"}
[2021-06-28 13:34:33.282] [exthost] [info] ExtensionService#loadCommonJSModule file:///usr/share/vscode/resources/app/extensions/git/dist/main
[2021-06-28 13:34:33.339] [exthost] [info] ExtensionService#_doActivateExtension vscode.github {"startup":true,"extensionId":{"value":"vscode.github","_lower":"vscode.github"},"activationEvent":"*"}
[2021-06-28 13:34:33.339] [exthost] [info] ExtensionService#loadCommonJSModule file:///usr/share/vscode/resources/app/extensions/github/dist/extension.js
[2021-06-28 13:34:33.358] [exthost] [info] eager extensions activated
[2021-06-28 13:34:33.378] [exthost] [info] ExtensionService#_doActivateExtension ms-vscode.js-debug {"startup":false,"extensionId":{"value":"ms-vscode.js-debug","_lower":"ms-vscode.js-debug"},"activationEvent":"onCommand:extension.js-debug.clearAutoAttachVariables"}
[2021-06-28 13:34:33.378] [exthost] [info] ExtensionService#loadCommonJSModule file:///usr/share/vscode/resources/app/extensions/ms-vscode.js-debug/src/extension.js
[2021-06-28 13:34:33.534] [exthost] [info] ExtensionService#_doActivateExtension vscode.emmet {"startup":false,"extensionId":{"value":"vscode.emmet","_lower":"vscode.emmet"},"activationEvent":"onStartupFinished"}
[2021-06-28 13:34:33.534] [exthost] [info] ExtensionService#loadCommonJSModule file:///usr/share/vscode/resources/app/extensions/emmet/dist/node/emmetNodeMain
[2021-06-28 13:34:33.538] [exthost] [info] ExtensionService#_doActivateExtension vscode.merge-conflict {"startup":false,"extensionId":{"value":"vscode.merge-conflict","_lower":"vscode.merge-conflict"},"activationEvent":"onStartupFinished"}
[2021-06-28 13:34:33.538] [exthost] [info] ExtensionService#loadCommonJSModule file:///usr/share/vscode/resources/app/extensions/merge-conflict/dist/mergeConflictMain
[2021-06-28 13:34:33.540] [exthost] [info] ExtensionService#_doActivateExtension vscode.testing-editor-contributions {"startup":false,"extensionId":{"value":"vscode.testing-editor-contributions","_lower":"vscode.testing-editor-contributions"},"activationEvent":"onStartupFinished"}
[2021-06-28 13:34:33.540] [exthost] [info] ExtensionService#loadCommonJSModule file:///usr/share/vscode/resources/app/extensions/testing-editor-contributions/dist/extension.js
[2021-06-28 13:34:33.582] [exthost] [warning] [Decorations] CAPPING events from decorations provider vscode.git 3824
[2021-06-28 13:34:34.066] [exthost] [info] ExtensionService#_doActivateExtension vscode.github-authentication {"startup":false,"extensionId":{"value":"vscode.github-authentication","_lower":"vscode.github-authentication"},"activationEvent":"onAuthenticationRequest:github"}
[2021-06-28 13:34:34.066] [exthost] [info] ExtensionService#loadCommonJSModule file:///usr/share/vscode/resources/app/extensions/github-authentication/dist/extension.js
[2021-06-28 13:37:36.410] [exthost] [info] extension host terminating: renderer closed the socket
[2021-06-28 13:37:37.431] [exthost] [info] exiting with code 0
